<?xml version="1.0" encoding="UTF-8"?>
<!-- Generated by org.testng.reporters.JUnitXMLReporter -->
<testsuite ignored="1" hostname="DESKTOP-NT3AJV9" failures="0" tests="2" name="Test" time="27.316" errors="0" timestamp="2024-03-12T12:19:03 IST">
  <testcase classname="executions.Naukari" name="naukari" time="11.074"/>
  <testcase classname="executions.LinkedIn" name="linkedIn" time="16.167"/>
  <testcase classname="executions.Indeed" name="indeed" time="0.0">
    <ignored/>
  </testcase> <!-- indeed -->
</testsuite> <!-- Test -->
