<?xml version="1.0" encoding="UTF-8"?>
<testng-results ignored="0" total="1" passed="1" failed="0" skipped="0">
  <reporter-output>
  </reporter-output>
  <suite started-at="2024-03-20T14:40:55 IST" name="Default suite" finished-at="2024-03-20T14:41:23 IST" duration-ms="28090">
    <groups>
    </groups>
    <test started-at="2024-03-20T14:40:55 IST" name="Default test" finished-at="2024-03-20T14:41:23 IST" duration-ms="28090">
      <class name="Base_Test.TC_01_LaunchBrowser_Register">
        <test-method is-config="true" signature="LaunchBrowser()[pri:0, instance:Base_Test.TC_01_LaunchBrowser_Register@1e802ef9]" started-at="2024-03-20T14:40:55 IST" name="LaunchBrowser" finished-at="2024-03-20T14:41:18 IST" duration-ms="23097" status="PASS">
          <reporter-output>
          </reporter-output>
        </test-method> <!-- LaunchBrowser -->
        <test-method signature="Login()[pri:0, instance:Base_Test.TC_01_LaunchBrowser_Register@1e802ef9]" started-at="2024-03-20T14:41:18 IST" name="Login" finished-at="2024-03-20T14:41:22 IST" duration-ms="3483" status="PASS">
          <reporter-output>
          </reporter-output>
        </test-method> <!-- Login -->
        <test-method is-config="true" signature="LogOut()[pri:0, instance:Base_Test.TC_01_LaunchBrowser_Register@1e802ef9]" started-at="2024-03-20T14:41:22 IST" name="LogOut" finished-at="2024-03-20T14:41:23 IST" duration-ms="1025" status="PASS">
          <reporter-output>
          </reporter-output>
        </test-method> <!-- LogOut -->
        <test-method is-config="true" signature="TareDownBrowser()[pri:0, instance:Base_Test.TC_01_LaunchBrowser_Register@1e802ef9]" started-at="2024-03-20T14:41:23 IST" name="TareDownBrowser" finished-at="2024-03-20T14:41:23 IST" duration-ms="432" status="PASS">
          <reporter-output>
          </reporter-output>
        </test-method> <!-- TareDownBrowser -->
      </class> <!-- Base_Test.TC_01_LaunchBrowser_Register -->
    </test> <!-- Default test -->
  </suite> <!-- Default suite -->
</testng-results>
